2021-08-30 10:51:06,616 test_add_members.py setup_class line:69 [INFO] ---------开始测试添加成员功能--------
2021-08-30 10:51:06,786 test_add_members.py teardown_class line:74 [INFO] ---------添加成员功能测试结束----------
2021-08-30 10:53:30,301 test_add_members.py setup_class line:68 [INFO] ---------开始测试添加成员功能--------
2021-08-30 10:53:30,479 test_add_members.py teardown_class line:73 [INFO] ---------添加成员功能测试结束----------
2021-08-30 10:54:45,213 test_add_members.py setup_class line:68 [INFO] ---------开始测试添加成员功能--------
2021-08-30 10:54:45,216 test_add_members.py test_add_member line:122 [INFO] 打开浏览器
2021-08-30 10:54:46,291 test_add_members.py test_add_member line:122 [INFO] 打开企业微信个人首页
2021-08-30 10:54:48,154 test_add_members.py test_add_member line:122 [INFO] 点击添加成员
2021-08-30 10:54:48,814 test_add_members.py test_add_member line:122 [INFO] 输入姓名
2021-08-30 10:54:49,438 test_add_members.py test_add_member line:122 [INFO] 输入账号
2021-08-30 10:54:49,589 test_add_members.py test_add_member line:122 [INFO] 输入手机号
2021-08-30 10:54:49,773 test_add_members.py test_add_member line:122 [INFO] 点击保存
2021-08-30 10:54:49,953 test_add_members.py test_add_member line:122 [INFO] 检查添加的成员在通讯录中
2021-08-30 10:54:50,032 test_add_members.py test_add_member line:142 [ERROR] 检查添加的成员在通讯录中失败
2021-08-30 10:54:50,213 test_add_members.py teardown_class line:73 [INFO] ---------添加成员功能测试结束----------
2021-08-30 11:15:51,480 test_add_members.py setup_class line:69 [INFO] ---------开始测试添加成员功能--------
2021-08-30 11:15:51,489 test_add_members.py test_add_member line:117 [INFO] 打开浏览器
2021-08-30 11:15:51,516 test_add_members.py test_add_member line:122 [ERROR] 打开浏览器失败
2021-08-30 11:15:51,647 test_add_members.py test_add_member line:117 [INFO] 打开企业微信个人首页
2021-08-30 11:15:51,687 test_add_members.py test_add_member line:122 [ERROR] 打开企业微信个人首页失败
2021-08-30 11:15:51,706 test_add_members.py test_add_member line:117 [INFO] 点击添加成员
2021-08-30 11:15:51,706 common_operations.py get_element line:81 [ERROR] 页面元素(css selector,.ww_indexImg_AddMember)未找到！
2021-08-30 11:15:51,706 common_operations.py click line:123 [ERROR] 页面元素(css selector,.ww_indexImg_AddMember)不可点击！
2021-08-30 11:15:51,767 test_add_members.py test_add_member line:122 [ERROR] 点击添加成员失败
2021-08-30 11:15:51,820 test_add_members.py test_add_member line:117 [INFO] 输入姓名
2021-08-30 11:15:51,845 test_add_members.py test_add_member line:122 [ERROR] 输入姓名失败
2021-08-30 11:15:51,870 test_add_members.py test_add_member line:117 [INFO] 输入账号
2021-08-30 11:15:51,905 test_add_members.py test_add_member line:122 [ERROR] 输入账号失败
2021-08-30 11:15:51,930 test_add_members.py test_add_member line:117 [INFO] 输入手机号
2021-08-30 11:15:51,978 test_add_members.py test_add_member line:122 [ERROR] 输入手机号失败
2021-08-30 11:15:51,999 test_add_members.py test_add_member line:117 [INFO] 点击保存
2021-08-30 11:15:51,999 common_operations.py get_element line:81 [ERROR] 页面元素(css selector,.js_btn_save)未找到！
2021-08-30 11:15:51,999 common_operations.py click line:123 [ERROR] 页面元素(css selector,.js_btn_save)不可点击！
2021-08-30 11:15:52,043 test_add_members.py test_add_member line:122 [ERROR] 点击保存失败
2021-08-30 11:15:52,121 test_add_members.py test_add_member line:117 [INFO] 检查添加的成员在通讯录中
2021-08-30 11:15:52,245 test_add_members.py test_add_member line:122 [ERROR] 检查添加的成员在通讯录中失败
2021-08-30 11:15:52,285 test_add_members.py teardown_class line:74 [INFO] ---------添加成员功能测试结束----------
2021-08-30 11:17:17,722 test_add_members.py setup_class line:69 [INFO] ---------开始测试添加成员功能--------
2021-08-30 11:17:17,723 test_add_members.py test_add_member line:117 [INFO] 打开浏览器
2021-08-30 11:17:17,747 test_add_members.py test_add_member line:124 [ERROR] 打开浏览器失败
2021-08-30 11:17:17,834 test_add_members.py test_add_member line:117 [INFO] 打开企业微信个人首页
2021-08-30 11:17:17,857 test_add_members.py test_add_member line:124 [ERROR] 打开企业微信个人首页失败
2021-08-30 11:17:17,876 test_add_members.py test_add_member line:117 [INFO] 点击添加成员
2021-08-30 11:17:17,876 common_operations.py get_element line:81 [ERROR] 页面元素(css selector,.ww_indexImg_AddMember)未找到！
2021-08-30 11:17:17,876 common_operations.py click line:123 [ERROR] 页面元素(css selector,.ww_indexImg_AddMember)不可点击！
2021-08-30 11:17:17,901 test_add_members.py test_add_member line:124 [ERROR] 点击添加成员失败
2021-08-30 11:17:17,926 test_add_members.py test_add_member line:117 [INFO] 输入姓名
2021-08-30 11:17:17,953 test_add_members.py test_add_member line:124 [ERROR] 输入姓名失败
2021-08-30 11:17:17,974 test_add_members.py test_add_member line:117 [INFO] 输入账号
2021-08-30 11:17:17,998 test_add_members.py test_add_member line:124 [ERROR] 输入账号失败
2021-08-30 11:17:18,012 test_add_members.py test_add_member line:117 [INFO] 输入手机号
2021-08-30 11:17:18,036 test_add_members.py test_add_member line:124 [ERROR] 输入手机号失败
2021-08-30 11:17:18,051 test_add_members.py test_add_member line:117 [INFO] 点击保存
2021-08-30 11:17:18,051 common_operations.py get_element line:81 [ERROR] 页面元素(css selector,.js_btn_save)未找到！
2021-08-30 11:17:18,051 common_operations.py click line:123 [ERROR] 页面元素(css selector,.js_btn_save)不可点击！
2021-08-30 11:17:18,101 test_add_members.py test_add_member line:124 [ERROR] 点击保存失败
2021-08-30 11:17:18,153 test_add_members.py test_add_member line:117 [INFO] 检查添加的成员在通讯录中
2021-08-30 11:17:18,202 test_add_members.py test_add_member line:124 [ERROR] 检查添加的成员在通讯录中失败
2021-08-30 11:17:18,212 test_add_members.py teardown_class line:74 [INFO] ---------添加成员功能测试结束----------
2021-08-30 11:17:59,095 test_add_members.py setup_class line:69 [INFO] ---------开始测试添加成员功能--------
2021-08-30 11:17:59,096 test_add_members.py test_add_member line:117 [INFO] 打开浏览器
2021-08-30 11:17:59,120 test_add_members.py test_add_member line:124 [ERROR] 打开浏览器失败
2021-08-30 11:17:59,211 test_add_members.py test_add_member line:117 [INFO] 打开企业微信个人首页
2021-08-30 11:17:59,234 test_add_members.py test_add_member line:124 [ERROR] 打开企业微信个人首页失败
2021-08-30 11:17:59,253 test_add_members.py test_add_member line:117 [INFO] 点击添加成员
2021-08-30 11:17:59,276 test_add_members.py test_add_member line:124 [ERROR] 点击添加成员失败
2021-08-30 11:17:59,295 test_add_members.py test_add_member line:117 [INFO] 输入姓名
2021-08-30 11:17:59,295 common_operations.py get_element line:81 [ERROR] 页面元素(id,username)未找到！
2021-08-30 11:17:59,296 common_operations.py input_text line:109 [ERROR] 在页面元素(id,username)输入小松鼠失败！
2021-08-30 11:17:59,321 test_add_members.py test_add_member line:124 [ERROR] 输入姓名失败
2021-08-30 11:17:59,345 test_add_members.py test_add_member line:117 [INFO] 输入账号
2021-08-30 11:17:59,346 common_operations.py get_element line:81 [ERROR] 页面元素(id,memberAdd_acctid)未找到！
2021-08-30 11:17:59,346 common_operations.py input_text line:109 [ERROR] 在页面元素(id,memberAdd_acctid)输入NO003失败！
2021-08-30 11:17:59,368 test_add_members.py test_add_member line:124 [ERROR] 输入账号失败
2021-08-30 11:17:59,390 test_add_members.py test_add_member line:117 [INFO] 输入手机号
2021-08-30 11:17:59,390 common_operations.py get_element line:81 [ERROR] 页面元素(id,memberAdd_phone)未找到！
2021-08-30 11:17:59,390 common_operations.py input_text line:109 [ERROR] 在页面元素(id,memberAdd_phone)输入17345678909失败！
2021-08-30 11:17:59,411 test_add_members.py test_add_member line:124 [ERROR] 输入手机号失败
2021-08-30 11:17:59,432 test_add_members.py test_add_member line:117 [INFO] 点击保存
2021-08-30 11:17:59,467 test_add_members.py test_add_member line:124 [ERROR] 点击保存失败
2021-08-30 11:17:59,485 test_add_members.py test_add_member line:117 [INFO] 检查添加的成员在通讯录中
2021-08-30 11:17:59,523 test_add_members.py test_add_member line:124 [ERROR] 检查添加的成员在通讯录中失败
2021-08-30 11:17:59,538 test_add_members.py teardown_class line:74 [INFO] ---------添加成员功能测试结束----------
2021-08-30 11:20:50,980 test_add_members.py setup_class line:69 [INFO] ---------开始测试添加成员功能--------
2021-08-30 11:20:50,981 test_add_members.py test_add_member line:117 [INFO] 打开浏览器
2021-08-30 11:20:51,005 test_add_members.py test_add_member line:124 [ERROR] 打开浏览器失败
2021-08-30 11:20:51,110 test_add_members.py test_add_member line:117 [INFO] 打开企业微信个人首页
2021-08-30 11:20:51,138 test_add_members.py test_add_member line:124 [ERROR] 打开企业微信个人首页失败
2021-08-30 11:20:51,153 test_add_members.py test_add_member line:117 [INFO] 点击添加成员
2021-08-30 11:20:51,181 test_add_members.py test_add_member line:124 [ERROR] 点击添加成员失败
2021-08-30 11:20:51,196 test_add_members.py test_add_member line:117 [INFO] 输入姓名
2021-08-30 11:20:51,197 common_operations.py get_element line:81 [ERROR] 页面元素(id,username)未找到！
2021-08-30 11:20:51,197 common_operations.py input_text line:109 [ERROR] 在页面元素(id,username)输入小松鼠失败！
2021-08-30 11:20:51,222 test_add_members.py test_add_member line:124 [ERROR] 输入姓名失败
2021-08-30 11:20:51,248 test_add_members.py test_add_member line:117 [INFO] 输入账号
2021-08-30 11:20:51,249 common_operations.py get_element line:81 [ERROR] 页面元素(id,memberAdd_acctid)未找到！
2021-08-30 11:20:51,249 common_operations.py input_text line:109 [ERROR] 在页面元素(id,memberAdd_acctid)输入NO003失败！
2021-08-30 11:20:51,276 test_add_members.py test_add_member line:124 [ERROR] 输入账号失败
2021-08-30 11:20:51,337 test_add_members.py test_add_member line:117 [INFO] 输入手机号
2021-08-30 11:20:51,338 common_operations.py get_element line:81 [ERROR] 页面元素(id,memberAdd_phone)未找到！
2021-08-30 11:20:51,338 common_operations.py input_text line:109 [ERROR] 在页面元素(id,memberAdd_phone)输入17345678909失败！
2021-08-30 11:20:51,366 test_add_members.py test_add_member line:124 [ERROR] 输入手机号失败
2021-08-30 11:20:51,395 test_add_members.py test_add_member line:117 [INFO] 点击保存
2021-08-30 11:20:51,436 test_add_members.py test_add_member line:124 [ERROR] 点击保存失败
2021-08-30 11:20:51,456 test_add_members.py test_add_member line:117 [INFO] 检查添加的成员在通讯录中
2021-08-30 11:20:51,489 test_add_members.py test_add_member line:124 [ERROR] 检查添加的成员在通讯录中失败
2021-08-30 11:20:51,499 test_add_members.py teardown_class line:74 [INFO] ---------添加成员功能测试结束----------
2021-08-30 11:22:46,230 test_add_members.py setup_class line:69 [INFO] ---------开始测试添加成员功能--------
2021-08-30 11:22:46,232 test_add_members.py test_add_member line:117 [INFO] 打开浏览器
2021-08-30 11:22:46,258 test_add_members.py test_add_member line:122 [ERROR] 打开浏览器失败
2021-08-30 11:22:46,357 test_add_members.py test_add_member line:117 [INFO] 打开企业微信个人首页
2021-08-30 11:22:46,389 test_add_members.py test_add_member line:122 [ERROR] 打开企业微信个人首页失败
2021-08-30 11:22:46,407 test_add_members.py test_add_member line:117 [INFO] 点击添加成员
2021-08-30 11:22:46,431 test_add_members.py test_add_member line:122 [ERROR] 点击添加成员失败
2021-08-30 11:22:46,446 test_add_members.py test_add_member line:117 [INFO] 输入姓名
2021-08-30 11:22:46,446 common_operations.py get_element line:81 [ERROR] 页面元素(id,username)未找到！
2021-08-30 11:22:46,446 common_operations.py input_text line:109 [ERROR] 在页面元素(id,username)输入小松鼠失败！
2021-08-30 11:22:46,470 test_add_members.py test_add_member line:122 [ERROR] 输入姓名失败
2021-08-30 11:22:46,495 test_add_members.py test_add_member line:117 [INFO] 输入账号
2021-08-30 11:22:46,495 common_operations.py get_element line:81 [ERROR] 页面元素(id,memberAdd_acctid)未找到！
2021-08-30 11:22:46,495 common_operations.py input_text line:109 [ERROR] 在页面元素(id,memberAdd_acctid)输入NO003失败！
2021-08-30 11:22:46,524 test_add_members.py test_add_member line:122 [ERROR] 输入账号失败
2021-08-30 11:22:46,550 test_add_members.py test_add_member line:117 [INFO] 输入手机号
2021-08-30 11:22:46,550 common_operations.py get_element line:81 [ERROR] 页面元素(id,memberAdd_phone)未找到！
2021-08-30 11:22:46,551 common_operations.py input_text line:109 [ERROR] 在页面元素(id,memberAdd_phone)输入17345678909失败！
2021-08-30 11:22:46,581 test_add_members.py test_add_member line:122 [ERROR] 输入手机号失败
2021-08-30 11:22:46,621 test_add_members.py test_add_member line:117 [INFO] 点击保存
2021-08-30 11:22:46,673 test_add_members.py test_add_member line:122 [ERROR] 点击保存失败
2021-08-30 11:22:46,692 test_add_members.py test_add_member line:117 [INFO] 检查添加的成员在通讯录中
2021-08-30 11:22:46,736 test_add_members.py test_add_member line:122 [ERROR] 检查添加的成员在通讯录中失败
2021-08-30 11:22:46,751 test_add_members.py teardown_class line:74 [INFO] ---------添加成员功能测试结束----------
2021-08-30 11:31:34,458 test_add_members.py setup_class line:69 [INFO] ---------开始测试添加成员功能--------
2021-08-30 11:31:34,560 test_add_members.py test_add_member line:120 [INFO] 输入姓名
2021-08-30 11:31:34,560 common_operations.py get_element line:81 [ERROR] 页面元素(id,username)未找到！
2021-08-30 11:31:34,560 common_operations.py input_text line:109 [ERROR] 在页面元素(id,username)输入小松鼠失败！
2021-08-30 11:31:34,588 test_add_members.py test_add_member line:125 [ERROR] 输入姓名失败
2021-08-30 11:31:34,629 test_add_members.py test_add_member line:120 [INFO] 输入账号
2021-08-30 11:31:34,629 common_operations.py get_element line:81 [ERROR] 页面元素(id,memberAdd_acctid)未找到！
2021-08-30 11:31:34,629 common_operations.py input_text line:109 [ERROR] 在页面元素(id,memberAdd_acctid)输入NO003失败！
2021-08-30 11:31:34,651 test_add_members.py test_add_member line:125 [ERROR] 输入账号失败
2021-08-30 11:31:34,702 test_add_members.py teardown_class line:74 [INFO] ---------添加成员功能测试结束----------
2021-08-30 11:38:27,697 test_add_members.py setup_class line:69 [INFO] ---------开始测试添加成员功能--------
2021-08-30 11:38:27,704 test_add_members.py test_add_member line:120 [INFO] 打开浏览器
2021-08-30 11:38:28,783 test_add_members.py test_add_member line:120 [INFO] 打开企业微信个人首页
2021-08-30 11:38:30,626 test_add_members.py test_add_member line:120 [INFO] 点击添加成员
2021-08-30 11:38:31,388 test_add_members.py test_add_member line:120 [INFO] 输入姓名
2021-08-30 11:38:31,989 test_add_members.py test_add_member line:120 [INFO] 输入账号
2021-08-30 11:38:32,096 test_add_members.py test_add_member line:120 [INFO] 输入手机号
2021-08-30 11:38:32,186 test_add_members.py test_add_member line:120 [INFO] 点击保存
2021-08-30 11:38:32,316 test_add_members.py test_add_member line:120 [INFO] 检查添加的成员在通讯录中
2021-08-30 11:38:32,388 test_add_members.py test_add_member line:125 [ERROR] 检查添加的成员在通讯录中失败
2021-08-30 11:38:32,511 test_add_members.py teardown_class line:74 [INFO] ---------添加成员功能测试结束----------
2021-08-30 11:47:49,835 test_add_members.py setup_class line:68 [INFO] ---------开始测试添加成员功能--------
2021-08-30 11:47:49,990 test_add_members.py teardown_class line:73 [INFO] ---------添加成员功能测试结束----------
2021-08-30 11:48:09,474 test_add_members.py setup_class line:68 [INFO] ---------开始测试添加成员功能--------
2021-08-30 11:48:09,475 test_add_members.py test_add_member line:123 [INFO] 打开浏览器
2021-08-30 11:48:10,553 test_add_members.py test_add_member line:123 [INFO] 打开企业微信个人首页
2021-08-30 11:48:11,917 test_add_members.py test_add_member line:123 [INFO] 点击添加成员
2021-08-30 11:48:12,585 test_add_members.py test_add_member line:123 [INFO] 输入姓名
2021-08-30 11:48:13,214 test_add_members.py test_add_member line:123 [INFO] 输入账号
2021-08-30 11:48:13,334 test_add_members.py test_add_member line:123 [INFO] 输入手机号
2021-08-30 11:48:13,529 test_add_members.py test_add_member line:123 [INFO] 点击保存
2021-08-30 11:48:13,655 test_add_members.py test_add_member line:123 [INFO] 检查添加的成员在通讯录中
2021-08-30 11:48:13,765 test_add_members.py test_add_member line:128 [ERROR] 检查添加的成员在通讯录中失败
2021-08-30 11:48:13,885 test_add_members.py teardown_class line:73 [INFO] ---------添加成员功能测试结束----------
2021-08-30 11:53:07,052 test_add_members.py setup_class line:68 [INFO] ---------开始测试添加成员功能--------
2021-08-30 11:53:07,070 test_add_members.py test_add_member line:123 [INFO] 打开浏览器
2021-08-30 11:53:08,185 test_add_members.py test_add_member line:123 [INFO] 打开企业微信个人首页
2021-08-30 11:53:09,361 test_add_members.py test_add_member line:123 [INFO] 点击添加成员
2021-08-30 11:53:10,068 test_add_members.py test_add_member line:123 [INFO] 输入姓名
2021-08-30 11:53:10,527 test_add_members.py test_add_member line:123 [INFO] 输入账号
2021-08-30 11:53:10,703 test_add_members.py test_add_member line:123 [INFO] 输入手机号
2021-08-30 11:53:10,819 test_add_members.py test_add_member line:123 [INFO] 点击保存
2021-08-30 11:53:11,003 test_add_members.py test_add_member line:123 [INFO] 检查添加的成员在通讯录中
2021-08-30 11:53:11,134 test_add_members.py test_add_member line:128 [ERROR] 检查添加的成员在通讯录中失败
2021-08-30 11:53:11,358 test_add_members.py teardown_class line:73 [INFO] ---------添加成员功能测试结束----------
2021-08-30 12:00:49,159 test_add_members.py setup_class line:69 [INFO] ---------开始测试添加成员功能--------
2021-08-30 12:00:49,173 test_add_members.py test_add_member line:124 [INFO] 打开浏览器
2021-08-30 12:00:50,224 test_add_members.py test_add_member line:124 [INFO] 打开企业微信个人首页
2021-08-30 12:00:51,382 test_add_members.py test_add_member line:124 [INFO] 点击添加成员
2021-08-30 12:00:52,004 test_add_members.py test_add_member line:124 [INFO] 输入姓名
2021-08-30 12:00:52,415 test_add_members.py test_add_member line:124 [INFO] 输入账号
2021-08-30 12:00:52,519 test_add_members.py test_add_member line:124 [INFO] 输入手机号
2021-08-30 12:00:52,641 test_add_members.py test_add_member line:124 [INFO] 点击保存
2021-08-30 12:00:52,784 test_add_members.py test_add_member line:124 [INFO] 检查添加的成员在通讯录中
2021-08-30 12:00:52,888 test_add_members.py test_add_member line:129 [ERROR] 检查添加的成员在通讯录中失败
2021-08-30 12:00:53,044 test_add_members.py teardown_class line:75 [INFO] ---------添加成员功能测试结束----------
2021-08-30 12:09:25,032 test_add_members.py setup_class line:69 [INFO] ---------开始测试添加成员功能--------
2021-08-30 12:09:25,047 test_add_members.py test_add_member line:120 [INFO] 打开浏览器
2021-08-30 12:09:26,097 test_add_members.py test_add_member line:120 [INFO] 打开企业微信个人首页
2021-08-30 12:09:27,505 test_add_members.py test_add_member line:120 [INFO] 点击添加成员
2021-08-30 12:09:28,011 test_add_members.py test_add_member line:120 [INFO] 输入姓名
2021-08-30 12:09:28,392 test_add_members.py test_add_member line:120 [INFO] 输入账号
2021-08-30 12:09:28,592 test_add_members.py test_add_member line:120 [INFO] 输入手机号
2021-08-30 12:09:28,689 test_add_members.py test_add_member line:120 [INFO] 点击保存
2021-08-30 12:09:28,835 test_add_members.py test_add_member line:120 [INFO] 检查添加的成员在通讯录中
2021-08-30 12:09:28,959 test_add_members.py test_add_member line:125 [ERROR] 检查添加的成员在通讯录中失败
2021-08-30 12:09:29,265 test_add_members.py teardown_class line:75 [INFO] ---------添加成员功能测试结束----------
2021-08-30 13:02:32,060 test_add_members.py setup_class line:69 [INFO] ---------开始测试添加成员功能--------
2021-08-30 13:02:35,191 test_add_members.py teardown_class line:74 [INFO] ---------添加成员功能测试结束----------
