2021-08-25 00:00:16,036 test_add_members.py setup_class line:61 [INFO] ---------开始测试添加成员功能--------
2021-08-25 00:00:24,895 test_add_members.py teardown_class line:72 [INFO] ---------添加成员功能测试结束----------
2021-08-25 00:05:22,364 test_add_members.py setup_class line:61 [INFO] ---------开始测试添加成员功能--------
2021-08-25 00:05:31,446 test_add_members.py teardown_class line:72 [INFO] ---------添加成员功能测试结束----------
2021-08-25 00:06:50,746 test_add_members.py setup_class line:61 [INFO] ---------开始测试添加成员功能--------
2021-08-25 00:06:59,803 test_add_members.py teardown_class line:72 [INFO] ---------添加成员功能测试结束----------
2021-08-25 00:10:14,077 test_add_members.py setup_class line:61 [INFO] ---------开始测试添加成员功能--------
2021-08-25 00:10:24,441 test_add_members.py teardown_class line:72 [INFO] ---------添加成员功能测试结束----------
2021-08-25 00:17:30,903 test_add_members.py setup_class line:61 [INFO] ---------开始测试添加成员功能--------
2021-08-25 00:17:42,406 test_add_members.py teardown_class line:72 [INFO] ---------添加成员功能测试结束----------
2021-08-25 00:23:25,874 test_add_members.py setup_class line:61 [INFO] ---------开始测试添加成员功能--------
2021-08-25 00:23:36,296 test_add_members.py teardown_class line:72 [INFO] ---------添加成员功能测试结束----------
2021-08-25 00:24:25,988 test_add_members.py setup_class line:61 [INFO] ---------开始测试添加成员功能--------
2021-08-25 00:24:36,219 test_add_members.py teardown_class line:72 [INFO] ---------添加成员功能测试结束----------
2021-08-25 00:26:06,902 test_add_members.py setup_class line:61 [INFO] ---------开始测试添加成员功能--------
2021-08-25 00:26:17,110 test_add_members.py teardown_class line:72 [INFO] ---------添加成员功能测试结束----------
2021-08-25 00:32:59,297 test_add_members.py setup_class line:61 [INFO] ---------开始测试添加成员功能--------
2021-08-25 00:33:09,390 test_add_members.py teardown_class line:76 [INFO] ---------添加成员功能测试结束----------
2021-08-25 00:46:07,576 test_add_members.py setup_class line:61 [INFO] ---------开始测试添加成员功能--------
2021-08-25 00:46:14,470 test_add_members.py teardown_class line:80 [INFO] ---------添加成员功能测试结束----------
2021-08-25 00:55:38,184 test_add_members.py setup_class line:61 [INFO] ---------开始测试添加成员功能--------
2021-08-25 00:55:47,485 test_add_members.py teardown_class line:72 [INFO] ---------添加成员功能测试结束----------
2021-08-25 00:59:58,745 test_add_members.py setup_class line:61 [INFO] ---------开始测试添加成员功能--------
2021-08-25 01:00:09,739 test_add_members.py teardown_class line:72 [INFO] ---------添加成员功能测试结束----------
2021-08-25 01:00:58,147 test_add_members.py setup_class line:61 [INFO] ---------开始测试添加成员功能--------
2021-08-25 01:01:08,244 test_add_members.py teardown_class line:72 [INFO] ---------添加成员功能测试结束----------
2021-08-25 01:04:18,662 test_add_members.py setup_class line:61 [INFO] ---------开始测试添加成员功能--------
2021-08-25 01:04:28,941 test_add_members.py teardown_class line:72 [INFO] ---------添加成员功能测试结束----------
2021-08-25 01:05:48,835 test_add_members.py setup_class line:61 [INFO] ---------开始测试添加成员功能--------
2021-08-25 01:06:03,736 test_add_members.py teardown_class line:72 [INFO] ---------添加成员功能测试结束----------
2021-08-25 15:30:13,699 test_add_members.py setup_class line:64 [INFO] ---------开始测试添加成员功能--------
2021-08-25 15:30:14,797 test_add_members.py teardown_class line:74 [INFO] ---------添加成员功能测试结束----------
2021-08-25 15:36:24,938 test_add_members.py setup_class line:64 [INFO] ---------开始测试添加成员功能--------
2021-08-25 15:36:25,976 test_add_members.py teardown_class line:74 [INFO] ---------添加成员功能测试结束----------
2021-08-25 15:38:33,568 test_add_members.py setup_class line:64 [INFO] ---------开始测试添加成员功能--------
2021-08-25 15:38:34,608 test_add_members.py teardown_class line:74 [INFO] ---------添加成员功能测试结束----------
2021-08-25 15:56:44,338 test_add_members.py setup_class line:64 [INFO] ---------开始测试添加成员功能--------
2021-08-25 15:56:45,409 test_add_members.py teardown_class line:74 [INFO] ---------添加成员功能测试结束----------
2021-08-25 16:00:52,108 test_add_members.py setup_class line:64 [INFO] ---------开始测试添加成员功能--------
2021-08-25 16:00:53,174 test_add_members.py teardown_class line:74 [INFO] ---------添加成员功能测试结束----------
2021-08-25 16:05:40,022 test_add_members.py setup_class line:64 [INFO] ---------开始测试添加成员功能--------
2021-08-25 16:05:41,074 test_add_members.py teardown_class line:74 [INFO] ---------添加成员功能测试结束----------
2021-08-25 16:14:13,635 test_add_members.py setup_class line:64 [INFO] ---------开始测试添加成员功能--------
2021-08-25 16:14:14,673 test_add_members.py teardown_class line:74 [INFO] ---------添加成员功能测试结束----------
2021-08-25 16:14:55,594 test_add_members.py setup_class line:64 [INFO] ---------开始测试添加成员功能--------
2021-08-25 16:14:56,645 test_add_members.py teardown_class line:74 [INFO] ---------添加成员功能测试结束----------
2021-08-25 16:20:29,650 test_add_members.py setup_class line:65 [INFO] ---------开始测试添加成员功能--------
2021-08-25 16:20:30,704 test_add_members.py teardown_class line:75 [INFO] ---------添加成员功能测试结束----------
2021-08-25 16:21:57,496 test_add_members.py setup_class line:65 [INFO] ---------开始测试添加成员功能--------
2021-08-25 16:21:58,551 test_add_members.py teardown_class line:75 [INFO] ---------添加成员功能测试结束----------
2021-08-25 16:24:05,249 test_add_members.py setup_class line:65 [INFO] ---------开始测试添加成员功能--------
2021-08-25 16:24:06,299 test_add_members.py teardown_class line:75 [INFO] ---------添加成员功能测试结束----------
2021-08-25 16:24:23,678 test_add_members.py setup_class line:65 [INFO] ---------开始测试添加成员功能--------
2021-08-25 16:24:24,727 test_add_members.py teardown_class line:75 [INFO] ---------添加成员功能测试结束----------
2021-08-25 16:26:27,650 test_add_members.py setup_class line:65 [INFO] ---------开始测试添加成员功能--------
2021-08-25 16:26:28,701 test_add_members.py teardown_class line:75 [INFO] ---------添加成员功能测试结束----------
2021-08-25 16:29:15,767 test_add_members.py setup_class line:65 [INFO] ---------开始测试添加成员功能--------
2021-08-25 16:29:16,813 test_add_members.py teardown_class line:75 [INFO] ---------添加成员功能测试结束----------
2021-08-25 16:30:22,745 test_add_members.py setup_class line:65 [INFO] ---------开始测试添加成员功能--------
2021-08-25 16:30:23,793 test_add_members.py teardown_class line:75 [INFO] ---------添加成员功能测试结束----------
2021-08-25 16:36:08,406 test_add_members.py setup_class line:65 [INFO] ---------开始测试添加成员功能--------
2021-08-25 16:36:09,590 test_add_members.py teardown_class line:75 [INFO] ---------添加成员功能测试结束----------
2021-08-25 16:37:52,551 test_add_members.py setup_class line:65 [INFO] ---------开始测试添加成员功能--------
2021-08-25 16:38:10,016 test_add_members.py teardown_class line:75 [INFO] ---------添加成员功能测试结束----------
2021-08-25 16:41:50,411 test_add_members.py setup_class line:65 [INFO] ---------开始测试添加成员功能--------
2021-08-25 16:42:06,094 test_add_members.py teardown_class line:75 [INFO] ---------添加成员功能测试结束----------
2021-08-25 16:52:33,694 test_add_members.py setup_class line:65 [INFO] ---------开始测试添加成员功能--------
2021-08-25 16:52:47,859 test_add_members.py teardown_class line:75 [INFO] ---------添加成员功能测试结束----------
2021-08-25 16:55:56,503 test_add_members.py setup_class line:65 [INFO] ---------开始测试添加成员功能--------
2021-08-25 16:55:57,860 test_add_members.py test_add_members_03 line:175 [ERROR] 测试通过
2021-08-25 16:56:03,216 test_add_members.py test_add_members_03 line:175 [ERROR] 测试通过
2021-08-25 16:56:03,588 test_add_members.py test_add_members_03 line:175 [ERROR] 测试通过
2021-08-25 16:56:03,674 test_add_members.py test_add_members_03 line:175 [ERROR] 测试通过
2021-08-25 16:56:03,809 test_add_members.py test_add_members_03 line:175 [ERROR] 测试通过
2021-08-25 16:56:03,946 test_add_members.py test_add_members_03 line:175 [ERROR] 测试通过
2021-08-25 16:56:14,011 test_add_members.py test_add_members_03 line:175 [ERROR] 测试通过
2021-08-25 16:56:14,011 test_add_members.py test_add_members_03 line:175 [ERROR] 测试通过
2021-08-25 16:56:14,013 test_add_members.py teardown_class line:75 [INFO] ---------添加成员功能测试结束----------
2021-08-25 16:59:17,089 test_add_members.py setup_class line:65 [INFO] ---------开始测试添加成员功能--------
2021-08-25 16:59:18,456 test_add_members.py test_add_members_03 line:176 [ERROR] 测试通过
2021-08-25 16:59:23,761 test_add_members.py test_add_members_03 line:176 [ERROR] 测试通过
2021-08-25 16:59:24,222 test_add_members.py test_add_members_03 line:176 [ERROR] 测试通过
2021-08-25 16:59:24,306 test_add_members.py test_add_members_03 line:176 [ERROR] 测试通过
2021-08-25 16:59:24,434 test_add_members.py test_add_members_03 line:176 [ERROR] 测试通过
2021-08-25 16:59:24,541 test_add_members.py test_add_members_03 line:176 [ERROR] 测试通过
2021-08-25 16:59:34,567 test_add_members.py test_add_members_03 line:176 [ERROR] 测试通过
2021-08-25 16:59:34,567 test_add_members.py test_add_members_03 line:176 [ERROR] 测试通过
2021-08-25 16:59:34,571 test_add_members.py teardown_class line:75 [INFO] ---------添加成员功能测试结束----------
2021-08-25 17:04:57,094 test_add_members.py setup_class line:65 [INFO] ---------开始测试添加成员功能--------
2021-08-25 17:04:58,347 test_add_members.py test_add_members_03 line:175 [ERROR] 测试通过
2021-08-25 17:05:03,693 test_add_members.py test_add_members_03 line:175 [ERROR] 测试通过
2021-08-25 17:05:04,333 test_add_members.py test_add_members_03 line:175 [ERROR] 测试通过
2021-08-25 17:05:04,412 test_add_members.py test_add_members_03 line:175 [ERROR] 测试通过
2021-08-25 17:05:04,606 test_add_members.py test_add_members_03 line:175 [ERROR] 测试通过
2021-08-25 17:05:04,793 test_add_members.py test_add_members_03 line:175 [ERROR] 测试通过
2021-08-25 17:05:14,811 test_add_members.py test_add_members_03 line:175 [ERROR] 测试通过
2021-08-25 17:05:14,812 test_add_members.py test_add_members_03 line:175 [ERROR] 测试通过
2021-08-25 17:05:14,813 test_add_members.py teardown_class line:75 [INFO] ---------添加成员功能测试结束----------
2021-08-25 17:07:09,382 test_add_members.py setup_class line:65 [INFO] ---------开始测试添加成员功能--------
2021-08-25 17:07:28,264 test_add_members.py teardown_class line:75 [INFO] ---------添加成员功能测试结束----------
2021-08-25 17:10:33,614 test_add_members.py setup_class line:65 [INFO] ---------开始测试添加成员功能--------
2021-08-25 17:10:47,991 test_add_members.py teardown_class line:75 [INFO] ---------添加成员功能测试结束----------
2021-08-25 17:10:54,264 test_add_members.py setup_class line:65 [INFO] ---------开始测试添加成员功能--------
2021-08-25 17:11:13,636 test_add_members.py teardown_class line:75 [INFO] ---------添加成员功能测试结束----------
2021-08-25 17:13:00,570 test_add_members.py setup_class line:65 [INFO] ---------开始测试添加成员功能--------
2021-08-25 17:13:01,646 test_add_members.py test_add_members_01 line:82 [INFO] --执行测试用例: add_member_001--
2021-08-25 17:13:01,647 test_add_members.py test_add_members_01 line:105 [ERROR] 测试失败
2021-08-25 17:13:01,864 test_add_members.py test_add_members_01 line:82 [INFO] --执行测试用例: add_member_002--
2021-08-25 17:13:01,865 test_add_members.py test_add_members_01 line:105 [ERROR] 测试失败
2021-08-25 17:13:01,895 test_add_members.py test_add_members_01 line:82 [INFO] --执行测试用例: add_member_003--
2021-08-25 17:13:01,896 test_add_members.py test_add_members_01 line:105 [ERROR] 测试失败
2021-08-25 17:13:01,926 test_add_members.py test_add_members_01 line:82 [INFO] --执行测试用例: add_member_004--
2021-08-25 17:13:01,927 test_add_members.py test_add_members_01 line:105 [ERROR] 测试失败
2021-08-25 17:13:01,959 test_add_members.py teardown_class line:75 [INFO] ---------添加成员功能测试结束----------
2021-08-25 17:16:13,335 test_add_members.py setup_class line:65 [INFO] ---------开始测试添加成员功能--------
2021-08-25 17:16:14,380 test_add_members.py test_add_members_01 line:82 [INFO] --执行测试用例: add_member_001--
2021-08-25 17:16:14,380 test_add_members.py test_add_members_01 line:105 [ERROR] 测试失败
2021-08-25 17:16:14,477 test_add_members.py test_add_members_01 line:82 [INFO] --执行测试用例: add_member_002--
2021-08-25 17:16:14,477 test_add_members.py test_add_members_01 line:105 [ERROR] 测试失败
2021-08-25 17:16:14,512 test_add_members.py test_add_members_01 line:82 [INFO] --执行测试用例: add_member_003--
2021-08-25 17:16:14,512 test_add_members.py test_add_members_01 line:105 [ERROR] 测试失败
2021-08-25 17:16:14,551 test_add_members.py test_add_members_01 line:82 [INFO] --执行测试用例: add_member_004--
2021-08-25 17:16:14,551 test_add_members.py test_add_members_01 line:105 [ERROR] 测试失败
2021-08-25 17:16:14,588 test_add_members.py teardown_class line:75 [INFO] ---------添加成员功能测试结束----------
2021-08-25 17:20:13,149 test_add_members.py setup_class line:65 [INFO] ---------开始测试添加成员功能--------
2021-08-25 17:20:14,218 test_add_members.py test_add_members_01 line:83 [INFO] --执行测试用例: add_member_001--
2021-08-25 17:20:14,459 test_add_members.py test_add_members_01 line:106 [ERROR] 测试失败
2021-08-25 17:20:14,715 test_add_members.py test_add_members_01 line:83 [INFO] --执行测试用例: add_member_002--
2021-08-25 17:20:16,871 test_add_members.py test_add_members_01 line:106 [ERROR] 测试失败
2021-08-25 17:20:16,916 test_add_members.py test_add_members_01 line:83 [INFO] --执行测试用例: add_member_003--
2021-08-25 17:20:19,128 test_add_members.py test_add_members_01 line:106 [ERROR] 测试失败
2021-08-25 17:20:19,153 test_add_members.py test_add_members_01 line:83 [INFO] --执行测试用例: add_member_004--
2021-08-25 17:20:20,485 test_add_members.py test_add_members_01 line:106 [ERROR] 测试失败
2021-08-25 17:20:20,498 test_add_members.py teardown_class line:76 [INFO] ---------添加成员功能测试结束----------
2021-08-25 17:24:16,671 test_add_members.py setup_class line:65 [INFO] ---------开始测试添加成员功能--------
2021-08-25 17:24:17,749 test_add_members.py test_add_members_01 line:83 [INFO] --执行测试用例: add_member_001--
2021-08-25 17:24:19,543 test_add_members.py test_add_members_01 line:106 [ERROR] 测试失败
2021-08-25 17:24:19,759 test_add_members.py test_add_members_01 line:83 [INFO] --执行测试用例: add_member_002--
2021-08-25 17:24:21,030 test_add_members.py test_add_members_01 line:106 [ERROR] 测试失败
2021-08-25 17:24:21,046 test_add_members.py test_add_members_01 line:83 [INFO] --执行测试用例: add_member_003--
2021-08-25 17:24:22,236 test_add_members.py test_add_members_01 line:106 [ERROR] 测试失败
2021-08-25 17:24:22,251 test_add_members.py test_add_members_01 line:83 [INFO] --执行测试用例: add_member_004--
2021-08-25 17:24:23,486 test_add_members.py test_add_members_01 line:106 [ERROR] 测试失败
2021-08-25 17:24:23,524 test_add_members.py teardown_class line:76 [INFO] ---------添加成员功能测试结束----------
2021-08-25 17:27:19,455 test_add_members.py setup_class line:65 [INFO] ---------开始测试添加成员功能--------
2021-08-25 17:27:20,514 test_add_members.py test_add_members_01 line:84 [INFO] --执行测试用例: add_member_001--
2021-08-25 17:27:22,114 test_add_members.py test_add_members_01 line:108 [ERROR] 测试失败
2021-08-25 17:27:22,284 test_add_members.py test_add_members_01 line:84 [INFO] --执行测试用例: add_member_002--
2021-08-25 17:27:23,634 test_add_members.py test_add_members_01 line:108 [ERROR] 测试失败
2021-08-25 17:27:23,651 test_add_members.py test_add_members_01 line:84 [INFO] --执行测试用例: add_member_003--
2021-08-25 17:27:25,128 test_add_members.py test_add_members_01 line:108 [ERROR] 测试失败
2021-08-25 17:27:25,150 test_add_members.py test_add_members_01 line:84 [INFO] --执行测试用例: add_member_004--
2021-08-25 17:27:26,562 test_add_members.py test_add_members_01 line:108 [ERROR] 测试失败
2021-08-25 17:27:26,578 test_add_members.py teardown_class line:77 [INFO] ---------添加成员功能测试结束----------
2021-08-25 17:33:29,880 test_add_members.py setup_class line:65 [INFO] ---------开始测试添加成员功能--------
2021-08-25 17:33:30,922 test_add_members.py test_add_members_01 line:84 [INFO] --执行测试用例: add_member_001--
2021-08-25 17:33:33,089 test_add_members.py test_add_members_01 line:84 [INFO] --执行测试用例: add_member_002--
2021-08-25 17:33:34,761 test_add_members.py test_add_members_01 line:84 [INFO] --执行测试用例: add_member_003--
2021-08-25 17:33:36,389 test_add_members.py test_add_members_01 line:84 [INFO] --执行测试用例: add_member_004--
2021-08-25 17:33:37,668 test_add_members.py teardown_class line:77 [INFO] ---------添加成员功能测试结束----------
2021-08-25 17:38:45,684 test_add_members.py setup_class line:65 [INFO] ---------开始测试添加成员功能--------
2021-08-25 17:38:46,732 test_add_members.py test_add_members_01 line:84 [INFO] --执行测试用例: add_member_001--
2021-08-25 17:38:49,225 test_add_members.py test_add_members_01 line:84 [INFO] --执行测试用例: add_member_002--
2021-08-25 17:38:50,672 test_add_members.py test_add_members_01 line:84 [INFO] --执行测试用例: add_member_003--
2021-08-25 17:38:52,007 test_add_members.py test_add_members_01 line:84 [INFO] --执行测试用例: add_member_004--
2021-08-25 17:38:53,516 test_add_members.py teardown_class line:77 [INFO] ---------添加成员功能测试结束----------
2021-08-25 17:40:04,013 test_add_members.py setup_class line:65 [INFO] ---------开始测试添加成员功能--------
2021-08-25 17:40:05,065 test_add_members.py test_add_members_01 line:84 [INFO] --执行测试用例: add_member_001--
2021-08-25 17:40:12,158 test_add_members.py test_add_members_01 line:107 [ERROR] 测试失败
2021-08-25 17:40:12,271 test_add_members.py test_add_members_01 line:84 [INFO] --执行测试用例: add_member_002--
2021-08-25 17:40:22,675 test_add_members.py test_add_members_01 line:107 [ERROR] 测试失败
2021-08-25 17:40:22,749 test_add_members.py test_add_members_01 line:84 [INFO] --执行测试用例: add_member_003--
2021-08-25 17:40:29,069 test_add_members.py test_add_members_01 line:107 [ERROR] 测试失败
2021-08-25 17:40:29,102 test_add_members.py test_add_members_01 line:84 [INFO] --执行测试用例: add_member_004--
2021-08-25 17:40:35,198 test_add_members.py test_add_members_01 line:107 [ERROR] 测试失败
2021-08-25 17:40:35,224 test_add_members.py teardown_class line:77 [INFO] ---------添加成员功能测试结束----------
2021-08-25 17:44:32,469 test_add_members.py setup_class line:65 [INFO] ---------开始测试添加成员功能--------
2021-08-25 17:44:33,535 test_add_members.py test_add_members_01 line:84 [INFO] --执行测试用例: add_member_001--
2021-08-25 17:44:39,125 test_add_members.py teardown_class line:77 [INFO] ---------添加成员功能测试结束----------
2021-08-25 17:44:56,397 test_add_members.py setup_class line:65 [INFO] ---------开始测试添加成员功能--------
2021-08-25 17:44:57,485 test_add_members.py test_add_members_01 line:84 [INFO] --执行测试用例: add_member_001--
2021-08-25 17:45:04,342 test_add_members.py test_add_members_01 line:107 [ERROR] 测试失败
2021-08-25 17:45:04,480 test_add_members.py test_add_members_01 line:84 [INFO] --执行测试用例: add_member_002--
2021-08-25 17:45:14,816 test_add_members.py test_add_members_01 line:107 [ERROR] 测试失败
2021-08-25 17:45:14,876 test_add_members.py test_add_members_01 line:84 [INFO] --执行测试用例: add_member_003--
2021-08-25 17:45:21,173 test_add_members.py test_add_members_01 line:107 [ERROR] 测试失败
2021-08-25 17:45:21,199 test_add_members.py test_add_members_01 line:84 [INFO] --执行测试用例: add_member_004--
2021-08-25 17:45:31,496 test_add_members.py test_add_members_01 line:107 [ERROR] 测试失败
2021-08-25 17:45:31,549 test_add_members.py teardown_class line:77 [INFO] ---------添加成员功能测试结束----------
2021-08-25 19:04:41,155 test_add_members.py setup_class line:65 [INFO] ---------开始测试添加成员功能--------
2021-08-25 19:04:42,215 test_add_members.py test_add_members_01 line:84 [INFO] --执行测试用例: add_member_001--
2021-08-25 19:04:48,776 test_add_members.py test_add_members_01 line:107 [ERROR] 测试失败
2021-08-25 19:04:48,946 test_add_members.py test_add_members_01 line:84 [INFO] --执行测试用例: add_member_002--
2021-08-25 19:04:55,396 test_add_members.py test_add_members_01 line:107 [ERROR] 测试失败
2021-08-25 19:04:55,484 test_add_members.py test_add_members_01 line:84 [INFO] --执行测试用例: add_member_003--
2021-08-25 19:05:02,299 test_add_members.py test_add_members_01 line:107 [ERROR] 测试失败
2021-08-25 19:05:02,344 test_add_members.py test_add_members_01 line:84 [INFO] --执行测试用例: add_member_004--
2021-08-25 19:05:12,715 test_add_members.py test_add_members_01 line:107 [ERROR] 测试失败
2021-08-25 19:05:12,772 test_add_members.py teardown_class line:77 [INFO] ---------添加成员功能测试结束----------
2021-08-25 19:07:51,193 test_add_members.py setup_class line:65 [INFO] ---------开始测试添加成员功能--------
2021-08-25 19:07:59,057 test_add_members.py test_add_members_01 line:107 [ERROR] 测试失败
2021-08-25 19:08:09,586 test_add_members.py test_add_members_01 line:107 [ERROR] 测试失败
2021-08-25 19:08:18,163 test_add_members.py test_add_members_01 line:107 [ERROR] 测试失败
2021-08-25 19:08:28,497 test_add_members.py test_add_members_01 line:107 [ERROR] 测试失败
2021-08-25 19:08:28,550 test_add_members.py teardown_class line:77 [INFO] ---------添加成员功能测试结束----------
2021-08-25 19:10:01,012 test_add_members.py setup_class line:65 [INFO] ---------开始测试添加成员功能--------
2021-08-25 19:10:09,053 test_add_members.py test_add_members_01 line:107 [ERROR] 测试失败
2021-08-25 19:10:19,382 test_add_members.py test_add_members_01 line:107 [ERROR] 测试失败
2021-08-25 19:10:27,904 test_add_members.py teardown_class line:78 [INFO] ---------添加成员功能测试结束----------
2021-08-25 19:10:39,824 test_add_members.py setup_class line:65 [INFO] ---------开始测试添加成员功能--------
2021-08-25 19:10:47,741 test_add_members.py test_add_members_01 line:107 [ERROR] 测试失败
2021-08-25 19:10:57,982 test_add_members.py test_add_members_01 line:107 [ERROR] 测试失败
2021-08-25 19:11:08,097 test_add_members.py test_add_members_01 line:107 [ERROR] 测试失败
2021-08-25 19:11:18,213 test_add_members.py test_add_members_01 line:107 [ERROR] 测试失败
2021-08-25 19:11:18,264 test_add_members.py teardown_class line:78 [INFO] ---------添加成员功能测试结束----------
2021-08-25 19:14:39,185 test_add_members.py setup_class line:65 [INFO] ---------开始测试添加成员功能--------
2021-08-25 19:14:40,362 test_add_members.py teardown_class line:77 [INFO] ---------添加成员功能测试结束----------
2021-08-25 19:24:24,361 test_add_members.py setup_class line:65 [INFO] ---------开始测试添加成员功能--------
2021-08-25 19:24:32,304 test_add_members.py test_add_members_01 line:107 [ERROR] 测试失败
2021-08-25 19:24:42,442 test_add_members.py test_add_members_01 line:107 [ERROR] 测试失败
2021-08-25 19:24:50,065 test_add_members.py test_add_members_01 line:107 [ERROR] 测试失败
2021-08-25 19:24:56,515 test_add_members.py test_add_members_01 line:107 [ERROR] 测试失败
2021-08-25 19:24:56,603 test_add_members.py teardown_class line:77 [INFO] ---------添加成员功能测试结束----------
2021-08-25 19:41:40,343 test_add_members.py setup_class line:65 [INFO] ---------开始测试添加成员功能--------
2021-08-25 19:44:24,889 test_add_members.py setup_class line:65 [INFO] ---------开始测试添加成员功能--------
2021-08-25 19:44:29,263 test_add_members.py teardown_class line:75 [INFO] ---------添加成员功能测试结束----------
2021-08-25 19:48:31,486 test_add_members.py setup_class line:65 [INFO] ---------开始测试添加成员功能--------
2021-08-25 19:48:39,216 test_add_members.py test_add_members_01 line:108 [ERROR] 测试失败
2021-08-25 19:48:46,786 test_add_members.py test_add_members_01 line:108 [ERROR] 测试失败
2021-08-25 19:48:54,178 test_add_members.py test_add_members_01 line:108 [ERROR] 测试失败
2021-08-25 19:49:01,693 test_add_members.py test_add_members_01 line:108 [ERROR] 测试失败
2021-08-25 19:49:01,728 test_add_members.py teardown_class line:75 [INFO] ---------添加成员功能测试结束----------
2021-08-25 19:51:04,743 test_add_members.py setup_class line:65 [INFO] ---------开始测试添加成员功能--------
2021-08-25 19:51:34,890 test_add_members.py teardown_class line:75 [INFO] ---------添加成员功能测试结束----------
2021-08-25 19:54:17,667 test_add_members.py setup_class line:65 [INFO] ---------开始测试添加成员功能--------
2021-08-25 19:54:30,621 test_add_members.py test_add_members_01 line:105 [INFO] 测试通过
2021-08-25 19:54:43,128 test_add_members.py test_add_members_01 line:105 [INFO] 测试通过
2021-08-25 19:54:55,609 test_add_members.py test_add_members_01 line:105 [INFO] 测试通过
2021-08-25 19:55:13,689 test_add_members.py test_add_members_01 line:107 [ERROR] 测试失败
2021-08-25 19:55:13,831 test_add_members.py teardown_class line:75 [INFO] ---------添加成员功能测试结束----------
