2021-08-28 19:50:35,693 test_add_members.py setup_class line:67 [INFO] ---------开始测试添加成员功能--------
2021-08-28 19:50:35,879 test_add_members.py teardown_class line:77 [INFO] ---------添加成员功能测试结束----------
2021-08-28 19:51:15,416 test_add_members.py setup_class line:67 [INFO] ---------开始测试添加成员功能--------
2021-08-28 19:51:24,949 test_add_members.py teardown_class line:77 [INFO] ---------添加成员功能测试结束----------
2021-08-28 19:55:55,796 test_add_members.py setup_class line:67 [INFO] ---------开始测试添加成员功能--------
2021-08-28 19:56:04,525 test_add_members.py teardown_class line:77 [INFO] ---------添加成员功能测试结束----------
2021-08-28 19:59:18,820 test_add_members.py setup_class line:67 [INFO] ---------开始测试添加成员功能--------
2021-08-28 19:59:32,040 test_add_members.py teardown_class line:77 [INFO] ---------添加成员功能测试结束----------
2021-08-28 20:04:40,419 test_add_members.py setup_class line:67 [INFO] ---------开始测试添加成员功能--------
2021-08-28 20:04:55,011 contacts_page.py get_member_list line:39 [INFO] 通讯录成员列表：['简文宇', '小松鼠']
2021-08-28 20:04:55,150 test_add_members.py teardown_class line:80 [INFO] ---------添加成员功能测试结束----------
2021-08-28 20:05:27,683 test_add_members.py setup_class line:67 [INFO] ---------开始测试添加成员功能--------
2021-08-28 20:05:46,518 contacts_page.py get_member_list line:39 [INFO] 通讯录成员列表：[]
2021-08-28 20:05:46,590 test_add_members.py teardown_class line:80 [INFO] ---------添加成员功能测试结束----------
2021-08-28 20:09:45,804 test_add_members.py setup_class line:67 [INFO] ---------开始测试添加成员功能--------
2021-08-28 20:10:05,907 test_add_members.py teardown_class line:77 [INFO] ---------添加成员功能测试结束----------
2021-08-28 21:09:36,098 test_add_members.py setup_class line:67 [INFO] ---------开始测试添加成员功能--------
2021-08-28 21:09:38,208 base_page.py get_url line:67 [ERROR] 打开网页https://work.weixin.qq.com/wework_admin/frame失败！
2021-08-28 21:09:38,247 test_add_members.py test_add_members_02 line:153 [ERROR] 测试失败
2021-08-28 21:09:44,401 base_page.py get_element line:81 [ERROR] 页面元素(css selector,.ww_indexImg_AddMember)未找到！
2021-08-28 21:09:44,401 base_page.py click line:123 [ERROR] 页面元素(css selector,.ww_indexImg_AddMember)不可点击！
2021-08-28 21:09:44,473 test_add_members.py test_add_members_02 line:153 [ERROR] 测试失败
2021-08-28 21:09:45,541 base_page.py get_element line:81 [ERROR] 页面元素(id,username)未找到！
2021-08-28 21:09:45,541 base_page.py input_text line:109 [ERROR] 页面元素(id,username)未找到！
2021-08-28 21:09:45,567 test_add_members.py test_add_members_02 line:153 [ERROR] 测试失败
2021-08-28 21:09:46,640 base_page.py get_element line:81 [ERROR] 页面元素(id,memberAdd_acctid)未找到！
2021-08-28 21:09:46,641 base_page.py input_text line:109 [ERROR] 页面元素(id,memberAdd_acctid)未找到！
2021-08-28 21:09:46,668 test_add_members.py test_add_members_02 line:153 [ERROR] 测试失败
2021-08-28 21:09:47,740 base_page.py get_element line:81 [ERROR] 页面元素(id,memberAdd_phone)未找到！
2021-08-28 21:09:47,740 base_page.py input_text line:109 [ERROR] 页面元素(id,memberAdd_phone)未找到！
2021-08-28 21:09:47,767 test_add_members.py test_add_members_02 line:153 [ERROR] 测试失败
2021-08-28 21:09:48,839 base_page.py get_element line:81 [ERROR] 页面元素(css selector,.js_btn_save)未找到！
2021-08-28 21:09:48,839 base_page.py click line:123 [ERROR] 页面元素(css selector,.js_btn_save)不可点击！
2021-08-28 21:09:48,863 test_add_members.py test_add_members_02 line:153 [ERROR] 测试失败
2021-08-28 21:09:54,975 base_page.py get_elements line:95 [ERROR] 页面元素(css selector,#member_list td:nth-child(2))未找到
2021-08-28 21:09:55,001 test_add_members.py test_add_members_02 line:153 [ERROR] 测试失败
2021-08-28 21:09:56,099 test_add_members.py test_add_members_02 line:153 [ERROR] 测试失败
2021-08-28 21:09:56,117 test_add_members.py teardown_class line:77 [INFO] ---------添加成员功能测试结束----------
2021-08-28 21:12:45,039 test_add_members.py setup_class line:67 [INFO] ---------开始测试添加成员功能--------
2021-08-28 21:12:47,138 base_page.py get_url line:67 [ERROR] 打开网页https://work.weixin.qq.com/wework_admin/frame失败！
2021-08-28 21:12:47,172 test_add_members.py test_add_members_02 line:154 [ERROR] 测试失败
2021-08-28 21:12:53,309 base_page.py get_element line:81 [ERROR] 页面元素(css selector,.ww_indexImg_AddMember)未找到！
2021-08-28 21:12:53,310 base_page.py click line:123 [ERROR] 页面元素(css selector,.ww_indexImg_AddMember)不可点击！
2021-08-28 21:12:53,333 test_add_members.py test_add_members_02 line:154 [ERROR] 测试失败
2021-08-28 21:12:54,400 base_page.py get_element line:81 [ERROR] 页面元素(id,username)未找到！
2021-08-28 21:12:54,400 base_page.py input_text line:109 [ERROR] 页面元素(id,username)未找到！
2021-08-28 21:12:54,427 test_add_members.py test_add_members_02 line:154 [ERROR] 测试失败
2021-08-28 21:12:55,493 base_page.py get_element line:81 [ERROR] 页面元素(id,memberAdd_acctid)未找到！
2021-08-28 21:12:55,494 base_page.py input_text line:109 [ERROR] 页面元素(id,memberAdd_acctid)未找到！
2021-08-28 21:12:55,520 test_add_members.py test_add_members_02 line:154 [ERROR] 测试失败
2021-08-28 21:12:56,591 base_page.py get_element line:81 [ERROR] 页面元素(id,memberAdd_phone)未找到！
2021-08-28 21:12:56,591 base_page.py input_text line:109 [ERROR] 页面元素(id,memberAdd_phone)未找到！
2021-08-28 21:12:56,617 test_add_members.py test_add_members_02 line:154 [ERROR] 测试失败
2021-08-28 21:12:57,688 base_page.py get_element line:81 [ERROR] 页面元素(css selector,.js_btn_save)未找到！
2021-08-28 21:12:57,688 base_page.py click line:123 [ERROR] 页面元素(css selector,.js_btn_save)不可点击！
2021-08-28 21:12:57,715 test_add_members.py test_add_members_02 line:154 [ERROR] 测试失败
2021-08-28 21:13:03,785 base_page.py get_elements line:95 [ERROR] 页面元素(css selector,#member_list td:nth-child(2))未找到
2021-08-28 21:13:03,809 test_add_members.py test_add_members_02 line:154 [ERROR] 测试失败
2021-08-28 21:13:04,901 test_add_members.py test_add_members_02 line:154 [ERROR] 测试失败
2021-08-28 21:13:04,919 test_add_members.py teardown_class line:77 [INFO] ---------添加成员功能测试结束----------
2021-08-28 21:21:16,603 test_add_members.py setup_class line:67 [INFO] ---------开始测试添加成员功能--------
2021-08-28 21:21:16,618 base_page.py get_url line:67 [ERROR] 打开网页https://work.weixin.qq.com/wework_admin/frame失败！
2021-08-28 21:21:16,671 test_add_members.py test_add_members_02 line:163 [ERROR] 测试失败
2021-08-28 21:21:21,825 base_page.py get_element line:81 [ERROR] 页面元素(css selector,.ww_indexImg_AddMember)未找到！
2021-08-28 21:21:21,825 base_page.py click line:123 [ERROR] 页面元素(css selector,.ww_indexImg_AddMember)不可点击！
2021-08-28 21:21:21,897 test_add_members.py test_add_members_02 line:163 [ERROR] 测试失败
2021-08-28 21:21:21,925 base_page.py get_element line:81 [ERROR] 页面元素(id,username)未找到！
2021-08-28 21:21:21,925 base_page.py input_text line:109 [ERROR] 页面元素(id,username)未找到！
2021-08-28 21:21:21,947 test_add_members.py test_add_members_02 line:163 [ERROR] 测试失败
2021-08-28 21:21:21,976 base_page.py get_element line:81 [ERROR] 页面元素(id,memberAdd_acctid)未找到！
2021-08-28 21:21:21,976 base_page.py input_text line:109 [ERROR] 页面元素(id,memberAdd_acctid)未找到！
2021-08-28 21:21:22,000 test_add_members.py test_add_members_02 line:163 [ERROR] 测试失败
2021-08-28 21:21:22,029 base_page.py get_element line:81 [ERROR] 页面元素(id,memberAdd_phone)未找到！
2021-08-28 21:21:22,029 base_page.py input_text line:109 [ERROR] 页面元素(id,memberAdd_phone)未找到！
2021-08-28 21:21:22,059 test_add_members.py test_add_members_02 line:163 [ERROR] 测试失败
2021-08-28 21:21:22,099 base_page.py get_element line:81 [ERROR] 页面元素(css selector,.js_btn_save)未找到！
2021-08-28 21:21:22,099 base_page.py click line:123 [ERROR] 页面元素(css selector,.js_btn_save)不可点击！
2021-08-28 21:21:22,129 test_add_members.py test_add_members_02 line:163 [ERROR] 测试失败
2021-08-28 21:21:27,163 base_page.py get_elements line:95 [ERROR] 页面元素(css selector,#member_list td:nth-child(2))未找到
2021-08-28 21:21:27,218 test_add_members.py test_add_members_02 line:163 [ERROR] 测试失败
2021-08-28 21:21:27,271 test_add_members.py test_add_members_02 line:163 [ERROR] 测试失败
2021-08-28 21:21:27,287 test_add_members.py teardown_class line:77 [INFO] ---------添加成员功能测试结束----------
2021-08-28 21:22:18,770 test_add_members.py setup_class line:67 [INFO] ---------开始测试添加成员功能--------
2021-08-28 21:22:19,866 test_add_members.py test_add_members_02 line:159 [INFO] 测试通过
2021-08-28 21:22:19,877 base_page.py get_url line:67 [ERROR] 打开网页https://work.weixin.qq.com/wework_admin/frame失败！
2021-08-28 21:22:19,926 test_add_members.py test_add_members_02 line:163 [ERROR] 测试失败
2021-08-28 21:22:25,053 base_page.py get_element line:81 [ERROR] 页面元素(css selector,.ww_indexImg_AddMember)未找到！
2021-08-28 21:22:25,054 base_page.py click line:123 [ERROR] 页面元素(css selector,.ww_indexImg_AddMember)不可点击！
2021-08-28 21:22:25,171 test_add_members.py test_add_members_02 line:163 [ERROR] 测试失败
2021-08-28 21:22:25,237 base_page.py get_element line:81 [ERROR] 页面元素(id,username)未找到！
2021-08-28 21:22:25,237 base_page.py input_text line:109 [ERROR] 页面元素(id,username)未找到！
2021-08-28 21:22:25,300 test_add_members.py test_add_members_02 line:163 [ERROR] 测试失败
2021-08-28 21:22:25,366 base_page.py get_element line:81 [ERROR] 页面元素(id,memberAdd_acctid)未找到！
2021-08-28 21:22:25,366 base_page.py input_text line:109 [ERROR] 页面元素(id,memberAdd_acctid)未找到！
2021-08-28 21:22:25,406 test_add_members.py test_add_members_02 line:163 [ERROR] 测试失败
2021-08-28 21:22:25,469 base_page.py get_element line:81 [ERROR] 页面元素(id,memberAdd_phone)未找到！
2021-08-28 21:22:25,469 base_page.py input_text line:109 [ERROR] 页面元素(id,memberAdd_phone)未找到！
2021-08-28 21:22:25,514 test_add_members.py test_add_members_02 line:163 [ERROR] 测试失败
2021-08-28 21:22:25,573 base_page.py get_element line:81 [ERROR] 页面元素(css selector,.js_btn_save)未找到！
2021-08-28 21:22:25,573 base_page.py click line:123 [ERROR] 页面元素(css selector,.js_btn_save)不可点击！
2021-08-28 21:22:25,628 test_add_members.py test_add_members_02 line:163 [ERROR] 测试失败
2021-08-28 21:22:30,675 base_page.py get_elements line:95 [ERROR] 页面元素(css selector,#member_list td:nth-child(2))未找到
2021-08-28 21:22:30,725 test_add_members.py test_add_members_02 line:163 [ERROR] 测试失败
2021-08-28 21:22:30,783 test_add_members.py test_add_members_02 line:163 [ERROR] 测试失败
2021-08-28 21:22:30,805 test_add_members.py teardown_class line:77 [INFO] ---------添加成员功能测试结束----------
2021-08-28 21:24:28,854 test_add_members.py setup_class line:67 [INFO] ---------开始测试添加成员功能--------
2021-08-28 21:24:32,979 test_add_members.py test_add_members_02 line:158 [INFO] 测试通过
2021-08-28 21:24:39,357 test_add_members.py test_add_members_02 line:158 [INFO] 测试通过
2021-08-28 21:24:40,571 test_add_members.py test_add_members_02 line:158 [INFO] 测试通过
2021-08-28 21:24:41,798 test_add_members.py test_add_members_02 line:158 [INFO] 测试通过
2021-08-28 21:24:43,074 test_add_members.py test_add_members_02 line:158 [INFO] 测试通过
2021-08-28 21:24:44,293 test_add_members.py test_add_members_02 line:158 [INFO] 测试通过
2021-08-28 21:24:50,367 contacts_page.py get_member_list line:39 [INFO] 通讯录成员列表：[]
2021-08-28 21:24:50,393 test_add_members.py test_add_members_02 line:158 [INFO] 测试通过
2021-08-28 21:24:51,518 test_add_members.py test_add_members_02 line:162 [ERROR] 测试失败
2021-08-28 21:24:51,626 test_add_members.py teardown_class line:77 [INFO] ---------添加成员功能测试结束----------
2021-08-28 21:44:39,649 test_add_members.py setup_class line:67 [INFO] ---------开始测试添加成员功能--------
2021-08-28 21:44:43,763 test_add_members.py test_add_members_02 line:158 [INFO] 测试通过
2021-08-28 21:44:50,144 test_add_members.py test_add_members_02 line:158 [INFO] 测试通过
2021-08-28 21:44:51,352 test_add_members.py test_add_members_02 line:158 [INFO] 测试通过
2021-08-28 21:44:52,576 test_add_members.py test_add_members_02 line:158 [INFO] 测试通过
2021-08-28 21:44:53,790 test_add_members.py test_add_members_02 line:158 [INFO] 测试通过
2021-08-28 21:44:55,002 test_add_members.py test_add_members_02 line:158 [INFO] 测试通过
2021-08-28 21:45:01,078 contacts_page.py get_member_list line:40 [INFO] 通讯录成员列表：[]
2021-08-28 21:45:01,104 test_add_members.py test_add_members_02 line:158 [INFO] 测试通过
2021-08-28 21:45:02,216 test_add_members.py test_add_members_02 line:162 [ERROR] 测试失败
2021-08-28 21:45:02,333 test_add_members.py teardown_class line:77 [INFO] ---------添加成员功能测试结束----------
2021-08-28 21:55:06,743 test_add_members.py setup_class line:67 [INFO] ---------开始测试添加成员功能--------
2021-08-28 21:55:11,611 test_add_members.py test_add_members_02 line:159 [INFO] 测试通过
2021-08-28 21:55:17,999 test_add_members.py test_add_members_02 line:159 [INFO] 测试通过
2021-08-28 21:55:19,220 test_add_members.py test_add_members_02 line:159 [INFO] 测试通过
2021-08-28 21:55:20,444 test_add_members.py test_add_members_02 line:159 [INFO] 测试通过
2021-08-28 21:55:21,670 test_add_members.py test_add_members_02 line:159 [INFO] 测试通过
2021-08-28 21:55:22,901 test_add_members.py test_add_members_02 line:159 [INFO] 测试通过
2021-08-28 21:55:29,005 contacts_page.py get_member_list line:40 [INFO] 通讯录成员列表：[]
2021-08-28 21:55:29,045 test_add_members.py test_add_members_02 line:159 [INFO] 测试通过
2021-08-28 21:55:30,194 test_add_members.py test_add_members_02 line:163 [ERROR] 测试失败
2021-08-28 21:55:30,334 test_add_members.py teardown_class line:77 [INFO] ---------添加成员功能测试结束----------
2021-08-28 21:58:49,424 test_add_members.py setup_class line:67 [INFO] ---------开始测试添加成员功能--------
2021-08-28 21:58:53,766 test_add_members.py test_add_members_02 line:156 [INFO] 测试通过
2021-08-28 21:59:00,364 test_add_members.py test_add_members_02 line:156 [INFO] 测试通过
2021-08-28 21:59:01,570 test_add_members.py test_add_members_02 line:156 [INFO] 测试通过
2021-08-28 21:59:02,800 test_add_members.py test_add_members_02 line:156 [INFO] 测试通过
2021-08-28 21:59:04,061 test_add_members.py test_add_members_02 line:156 [INFO] 测试通过
2021-08-28 21:59:05,292 test_add_members.py test_add_members_02 line:156 [INFO] 测试通过
2021-08-28 21:59:11,367 contacts_page.py get_member_list line:40 [INFO] 通讯录成员列表：[]
2021-08-28 21:59:11,404 test_add_members.py test_add_members_02 line:156 [INFO] 测试通过
2021-08-28 21:59:12,516 test_add_members.py test_add_members_02 line:160 [ERROR] 测试失败
2021-08-28 21:59:12,620 test_add_members.py teardown_class line:77 [INFO] ---------添加成员功能测试结束----------
2021-08-28 22:03:32,345 test_add_members.py setup_class line:67 [INFO] ---------开始测试添加成员功能--------
2021-08-28 22:03:37,786 test_add_members.py test_add_members_02 line:156 [INFO] 测试通过
2021-08-28 22:03:44,241 test_add_members.py test_add_members_02 line:156 [INFO] 测试通过
2021-08-28 22:03:45,469 test_add_members.py test_add_members_02 line:156 [INFO] 测试通过
2021-08-28 22:03:46,534 base_page.py get_element line:81 [ERROR] 页面元素(id,memberAdd_acctid1)未找到！
2021-08-28 22:03:46,534 base_page.py input_text line:109 [ERROR] 页面元素(id,memberAdd_acctid1)未找到！
2021-08-28 22:03:46,632 test_add_members.py test_add_members_02 line:160 [ERROR] 测试失败
2021-08-28 22:03:48,106 test_add_members.py test_add_members_02 line:156 [INFO] 测试通过
2021-08-28 22:03:49,318 test_add_members.py test_add_members_02 line:156 [INFO] 测试通过
2021-08-28 22:03:55,388 contacts_page.py get_member_list line:40 [INFO] 通讯录成员列表：[]
2021-08-28 22:03:55,414 test_add_members.py test_add_members_02 line:156 [INFO] 测试通过
2021-08-28 22:03:56,530 test_add_members.py test_add_members_02 line:160 [ERROR] 测试失败
2021-08-28 22:03:56,552 test_add_members.py teardown_class line:77 [INFO] ---------添加成员功能测试结束----------
2021-08-28 22:06:25,270 test_add_members.py setup_class line:67 [INFO] ---------开始测试添加成员功能--------
2021-08-28 22:06:30,727 test_add_members.py test_add_members_02 line:156 [INFO] 测试通过
2021-08-28 22:06:37,170 test_add_members.py test_add_members_02 line:156 [INFO] 测试通过
2021-08-28 22:06:38,390 test_add_members.py test_add_members_02 line:156 [INFO] 测试通过
2021-08-28 22:06:39,608 test_add_members.py test_add_members_02 line:156 [INFO] 测试通过
2021-08-28 22:06:40,838 test_add_members.py test_add_members_02 line:156 [INFO] 测试通过
2021-08-28 22:06:42,084 test_add_members.py test_add_members_02 line:156 [INFO] 测试通过
2021-08-28 22:06:48,190 base_page.py get_elements line:95 [ERROR] 页面元素(css selector,#member_list td:nth-child(2)1)未找到
2021-08-28 22:06:48,190 contacts_page.py get_member_list line:42 [INFO] 获取通讯录成员列表失败:None
2021-08-28 22:06:48,296 test_add_members.py test_add_members_02 line:160 [ERROR] 测试失败
2021-08-28 22:06:49,547 test_add_members.py test_add_members_02 line:160 [ERROR] 测试失败
2021-08-28 22:06:49,568 test_add_members.py teardown_class line:77 [INFO] ---------添加成员功能测试结束----------
2021-08-28 22:26:07,137 test_add_members.py setup_class line:67 [INFO] ---------开始测试添加成员功能--------
2021-08-28 22:26:12,645 test_add_members.py test_add_members_02 line:156 [INFO] 测试通过
2021-08-28 22:26:19,102 test_add_members.py test_add_members_02 line:156 [INFO] 测试通过
2021-08-28 22:26:20,316 test_add_members.py test_add_members_02 line:156 [INFO] 测试通过
2021-08-28 22:26:21,566 test_add_members.py test_add_members_02 line:156 [INFO] 测试通过
2021-08-28 22:26:22,788 test_add_members.py test_add_members_02 line:156 [INFO] 测试通过
2021-08-28 22:26:23,993 test_add_members.py test_add_members_02 line:156 [INFO] 测试通过
2021-08-28 22:26:30,090 contacts_page.py get_member_list line:40 [INFO] 通讯录成员列表：['简文宇', '小松鼠']
2021-08-28 22:26:30,116 test_add_members.py test_add_members_02 line:156 [INFO] 测试通过
2021-08-28 22:26:31,263 test_add_members.py test_add_members_02 line:160 [ERROR] 测试失败
2021-08-28 22:26:31,362 test_add_members.py teardown_class line:77 [INFO] ---------添加成员功能测试结束----------
2021-08-28 22:37:25,994 test_add_members.py setup_class line:67 [INFO] ---------开始测试添加成员功能--------
2021-08-28 22:37:31,554 test_add_members.py test_add_members_02 line:156 [INFO] 测试通过
2021-08-28 22:37:37,980 test_add_members.py test_add_members_02 line:156 [INFO] 测试通过
2021-08-28 22:37:39,202 test_add_members.py test_add_members_02 line:156 [INFO] 测试通过
2021-08-28 22:37:40,469 test_add_members.py test_add_members_02 line:156 [INFO] 测试通过
2021-08-28 22:37:41,689 test_add_members.py test_add_members_02 line:156 [INFO] 测试通过
2021-08-28 22:37:42,899 test_add_members.py test_add_members_02 line:156 [INFO] 测试通过
2021-08-28 22:37:48,980 contacts_page.py get_member_list line:35 [INFO] 通讯录成员列表：[]
2021-08-28 22:37:49,034 test_add_members.py test_add_members_02 line:156 [INFO] 测试通过
2021-08-28 22:37:50,149 test_add_members.py test_add_members_02 line:160 [ERROR] 测试失败
2021-08-28 22:37:50,256 test_add_members.py teardown_class line:77 [INFO] ---------添加成员功能测试结束----------
2021-08-28 22:43:11,450 test_add_members.py setup_class line:68 [INFO] ---------开始测试添加成员功能--------
2021-08-28 22:43:16,006 test_add_members.py test_add_members_02 line:158 [INFO] 打开企业微信个人首页成功
2021-08-28 22:43:22,484 test_add_members.py test_add_members_02 line:158 [INFO] 点击添加成员成功
2021-08-28 22:43:23,799 test_add_members.py test_add_members_02 line:158 [INFO] 输入姓名成功
2021-08-28 22:43:25,079 test_add_members.py test_add_members_02 line:158 [INFO] 输入账号成功
2021-08-28 22:43:26,320 test_add_members.py test_add_members_02 line:158 [INFO] 输入手机号成功
2021-08-28 22:43:27,516 test_add_members.py test_add_members_02 line:158 [INFO] 点击保存成功
2021-08-28 22:43:33,578 contacts_page.py get_member_list line:35 [INFO] 通讯录成员列表：[]
2021-08-28 22:43:33,605 test_add_members.py test_add_members_02 line:158 [INFO] 获取通讯录列表成功
2021-08-28 22:43:34,709 test_add_members.py test_add_members_02 line:162 [ERROR] 检查添加成员是否成功失败
2021-08-28 22:43:34,813 test_add_members.py teardown_class line:78 [INFO] ---------添加成员功能测试结束----------
2021-08-28 22:49:00,884 test_add_members.py setup_class line:68 [INFO] ---------开始测试添加成员功能--------
2021-08-28 22:49:07,329 test_add_members.py test_add_members_02 line:158 [INFO] 打开企业微信个人首页成功
2021-08-28 22:49:14,228 test_add_members.py test_add_members_02 line:158 [INFO] 点击添加成员成功
2021-08-28 22:49:15,608 test_add_members.py test_add_members_02 line:158 [INFO] 输入姓名成功
2021-08-28 22:49:16,905 test_add_members.py test_add_members_02 line:158 [INFO] 输入账号成功
2021-08-28 22:49:18,267 test_add_members.py test_add_members_02 line:158 [INFO] 输入手机号成功
2021-08-28 22:49:19,500 test_add_members.py test_add_members_02 line:158 [INFO] 点击保存成功
2021-08-28 22:49:25,644 test_add_members.py test_add_members_02 line:158 [INFO] 获取通讯录列表成功
2021-08-28 22:49:26,768 test_add_members.py test_add_members_02 line:162 [ERROR] 检查添加成员是否成功失败
2021-08-28 22:49:26,878 test_add_members.py teardown_class line:78 [INFO] ---------添加成员功能测试结束----------
2021-08-28 23:02:15,218 test_add_members.py setup_class line:68 [INFO] ---------开始测试添加成员功能--------
2021-08-28 23:02:20,195 test_add_members.py test_add_members_02 line:159 [INFO] 打开企业微信个人首页
2021-08-28 23:02:26,592 test_add_members.py test_add_members_02 line:159 [INFO] 点击添加成员
2021-08-28 23:02:27,838 test_add_members.py test_add_members_02 line:159 [INFO] 输入姓名
2021-08-28 23:02:29,064 test_add_members.py test_add_members_02 line:159 [INFO] 输入账号
2021-08-28 23:02:30,403 test_add_members.py test_add_members_02 line:159 [INFO] 输入手机号
2021-08-28 23:02:31,832 test_add_members.py test_add_members_02 line:159 [INFO] 点击保存
2021-08-28 23:02:32,969 test_add_members.py test_add_members_02 line:163 [ERROR] 检查添加的成员在通讯录中失败
2021-08-28 23:02:33,269 test_add_members.py teardown_class line:78 [INFO] ---------添加成员功能测试结束----------
2021-08-28 23:09:23,928 test_add_members.py setup_class line:68 [INFO] ---------开始测试添加成员功能--------
2021-08-28 23:09:28,000 test_add_members.py test_add_members_02 line:161 [INFO] 打开企业微信个人首页
2021-08-28 23:09:34,612 test_add_members.py test_add_members_02 line:161 [INFO] 点击添加成员
2021-08-28 23:09:35,672 base_page.py get_element line:81 [ERROR] 页面元素(id,username)未找到！
2021-08-28 23:09:35,672 base_page.py input_text line:109 [ERROR] 页面元素(id,username)未找到！
2021-08-28 23:09:35,764 test_add_members.py test_add_members_02 line:165 [ERROR] 输入姓名失败
2021-08-28 23:09:36,988 base_page.py get_element line:81 [ERROR] 页面元素(id,memberAdd_acctid)未找到！
2021-08-28 23:09:36,988 base_page.py input_text line:109 [ERROR] 页面元素(id,memberAdd_acctid)未找到！
2021-08-28 23:09:37,014 test_add_members.py test_add_members_02 line:165 [ERROR] 输入账号失败
2021-08-28 23:09:38,126 base_page.py get_element line:81 [ERROR] 页面元素(id,memberAdd_phone)未找到！
2021-08-28 23:09:38,127 base_page.py input_text line:109 [ERROR] 页面元素(id,memberAdd_phone)未找到！
2021-08-28 23:09:38,153 test_add_members.py test_add_members_02 line:165 [ERROR] 输入手机号失败
2021-08-28 23:09:39,289 base_page.py get_element line:81 [ERROR] 页面元素(css selector,.js_btn_save)未找到！
2021-08-28 23:09:39,289 base_page.py click line:123 [ERROR] 页面元素(css selector,.js_btn_save)不可点击！
2021-08-28 23:09:39,316 test_add_members.py test_add_members_02 line:165 [ERROR] 点击保存失败
2021-08-28 23:09:40,449 test_add_members.py test_add_members_02 line:165 [ERROR] 检查添加的成员在通讯录中失败
2021-08-28 23:09:40,473 test_add_members.py teardown_class line:78 [INFO] ---------添加成员功能测试结束----------
2021-08-28 23:29:06,540 test_add_members.py setup_class line:68 [INFO] ---------开始测试添加成员功能--------
2021-08-28 23:29:08,644 test_add_members.py test_add_members_02 line:145 [INFO] 打开企业微信个人首页
2021-08-28 23:29:12,712 test_add_members.py test_add_members_02 line:145 [INFO] 点击添加成员
2021-08-28 23:29:19,142 test_add_members.py test_add_members_02 line:145 [INFO] 输入姓名
2021-08-28 23:29:20,360 test_add_members.py test_add_members_02 line:145 [INFO] 输入账号
2021-08-28 23:29:21,590 test_add_members.py test_add_members_02 line:145 [INFO] 输入手机号
2021-08-28 23:29:22,825 test_add_members.py test_add_members_02 line:145 [INFO] 点击保存
2021-08-28 23:29:24,142 test_add_members.py test_add_members_02 line:145 [INFO] 检查添加的成员在通讯录中
2021-08-28 23:29:24,226 test_add_members.py test_add_members_02 line:165 [ERROR] 检查添加的成员在通讯录中失败
2021-08-28 23:29:24,390 test_add_members.py teardown_class line:78 [INFO] ---------添加成员功能测试结束----------
2021-08-28 23:34:39,744 test_add_members.py setup_class line:68 [INFO] ---------开始测试添加成员功能--------
2021-08-28 23:34:41,847 test_add_members.py test_add_members_02 line:143 [INFO] 打开企业微信个人首页
2021-08-28 23:34:45,988 test_add_members.py test_add_members_02 line:143 [INFO] 点击添加成员
2021-08-28 23:34:52,496 test_add_members.py test_add_members_02 line:143 [INFO] 输入姓名
2021-08-28 23:34:53,781 test_add_members.py test_add_members_02 line:143 [INFO] 输入账号
2021-08-28 23:34:55,069 test_add_members.py test_add_members_02 line:143 [INFO] 输入手机号
2021-08-28 23:34:56,343 test_add_members.py test_add_members_02 line:143 [INFO] 点击保存
2021-08-28 23:34:57,714 test_add_members.py test_add_members_02 line:143 [INFO] 检查添加的成员在通讯录中
2021-08-28 23:34:57,774 test_add_members.py test_add_members_02 line:163 [ERROR] 检查添加的成员在通讯录中失败
2021-08-28 23:34:57,886 test_add_members.py teardown_class line:78 [INFO] ---------添加成员功能测试结束----------
